  CollisionDetection.cpp
  Debug.cpp
  GameClient.cpp
  GameObject.cpp
  GameServer.cpp
  GameWorld.cpp
c:\users\ed\desktop\csc8503 coursework\csc8503\csc8503\csc8503\csc8503common\gameworld.cpp(32): warning C4150: deletion of pointer to incomplete type 'NCL::CSC8503::Constraint'; no destructor called
  c:\users\ed\desktop\csc8503 coursework\csc8503\csc8503\csc8503\csc8503common\gameworld.h(11): note: see declaration of 'NCL::CSC8503::Constraint'
  GJKAlgorithm.cpp
  NavigationGrid.cpp
c:\users\ed\desktop\csc8503 coursework\csc8503\csc8503\csc8503\csc8503common\navigationgrid.cpp(41): warning C4244: 'argument': conversion from 'int' to 'const float', possible loss of data
c:\users\ed\desktop\csc8503 coursework\csc8503\csc8503\csc8503\csc8503common\navigationgrid.cpp(82): warning C4244: 'initializing': conversion from 'double' to 'int', possible loss of data
c:\users\ed\desktop\csc8503 coursework\csc8503\csc8503\csc8503\csc8503common\navigationgrid.cpp(83): warning C4244: 'initializing': conversion from 'double' to 'int', possible loss of data
c:\users\ed\desktop\csc8503 coursework\csc8503\csc8503\csc8503\csc8503common\navigationgrid.cpp(85): warning C4244: 'initializing': conversion from 'double' to 'int', possible loss of data
c:\users\ed\desktop\csc8503 coursework\csc8503\csc8503\csc8503\csc8503common\navigationgrid.cpp(86): warning C4244: 'initializing': conversion from 'double' to 'int', possible loss of data
  NavigationMesh.cpp
  NetworkBase.cpp
  NetworkObject.cpp
  PhysicsObject.cpp
  PhysicsSystem.cpp
  PositionConstraint.cpp
  PushdownMachine.cpp
  PushdownState.cpp
  QuadTree.cpp
  RenderObject.cpp
c:\users\ed\desktop\csc8503 coursework\csc8503\csc8503\common\meshgeometry.h(38): warning C4267: 'return': conversion from 'size_t' to 'unsigned int', possible loss of data
c:\users\ed\desktop\csc8503 coursework\csc8503\csc8503\common\meshgeometry.h(42): warning C4267: 'return': conversion from 'size_t' to 'unsigned int', possible loss of data
  Simplex.cpp
  State.cpp
  Compiling...
  StateMachine.cpp
  StateTransition.cpp
  Transform.cpp
LINK : fatal error LNK1561: entry point must be defined
