c:\users\ed\desktop\csc8503\csc8503\gametech\debug\vc141.pdb
c:\users\ed\desktop\csc8503\csc8503\gametech\debug\vc141.idb
c:\users\ed\desktop\csc8503\csc8503\gametech\debug\main.obj
c:\users\ed\desktop\csc8503\csc8503\gametech\debug\golfgame.obj
c:\users\ed\desktop\csc8503\win32\debug\gametech.exe
c:\users\ed\desktop\csc8503\win32\debug\gametech.ilk
c:\users\ed\desktop\csc8503\win32\debug\gametech.pdb
c:\users\ed\desktop\csc8503 server\win32\debug\gametech.exe
c:\users\ed\desktop\csc8503 server\win32\debug\gametech.ilk
c:\users\ed\desktop\csc8503 server\win32\debug\gametech.pdb
c:\users\ed\desktop\csc8503\csc8503\gametech\debug\gametechrenderer.obj
c:\users\ed\desktop\csc8503\csc8503\gametech\debug\mainmenu.obj
c:\users\ed\desktop\csc8503\csc8503\gametech\debug\networkedgame.obj
c:\users\ed\desktop\csc8503\csc8503\gametech\debug\networkplayer.obj
c:\users\ed\desktop\csc8503\csc8503\gametech\debug\tutorialgame.obj
c:\users\ed\desktop\csc8503\csc8503\gametech\debug\tutorialgame.obj.enc
c:\users\ed\desktop\csc8503\csc8503\gametech\debug\gametech.tlog\cl.command.1.tlog
c:\users\ed\desktop\csc8503\csc8503\gametech\debug\gametech.tlog\cl.read.1.tlog
c:\users\ed\desktop\csc8503\csc8503\gametech\debug\gametech.tlog\cl.write.1.tlog
c:\users\ed\desktop\csc8503\csc8503\gametech\debug\gametech.tlog\link.command.1.tlog
c:\users\ed\desktop\csc8503\csc8503\gametech\debug\gametech.tlog\link.read.1.tlog
c:\users\ed\desktop\csc8503\csc8503\gametech\debug\gametech.tlog\link.write.1.tlog
